nohup: ignoring input
============================================================
  Config v8.3 — GPU 모드  Git:a3be6b1 [95% 목표]
============================================================
  Device : cuda (NVIDIA L4)
  GPU    : 22GB×1  AMP=BF16  cc=8.9
  vCPU=8  RAM=30GiB  HDF5=2.4GB
  N=40  Classes=6  TS=256  Rate=200Hz
  Batch=192  Epochs=300  ES=50  LR=8e-05→1e-07
  HS [Niswander2021]: Foot-Accely(mean+1.8σ) + Foot-Gyroy(>0.5σ) window=±125ms
  Focal=ON γ=3.0  FFT=ON(Foot)  TTA=ON×8
============================================================

[05:39:59]   ★ Hierarchical SupCon K-Fold 5-Fold
  Stage1=80ep  Stage2 SupCon=150ep + Finetune=150ep
  BioMech 피처: 충격피크, Foot/Shank비, 고주파에너지

[05:39:59]   HDF5 로드... (dataset.h5)
[05:39:59]   ✅ N=45073  T=256  C=54  v8-subj  file=2.4GB  (0.0s)
  Channel Groups (54 total -> 54 assigned):
    Pelvis      :   6ch
    Hand        :  12ch
    Thigh       :  12ch
    Shank       :  12ch
    Foot        :  12ch
[05:39:59]   클래스: [1, 2, 3, 4, 5, 6]  피험자: 40명  샘플: 45073
[05:39:59] 
=======================================================
[05:39:59]   Fold 1/5  tr=35971  te=9102
[05:39:59]   Test 피험자: [5, 15, 16, 17, 18, 34, 38, 40]
[05:39:59] =======================================================
[05:40:03]     BSC fit: n=35971  (4.0s)
[05:40:03]       ★ Branch 캐시 히트: FHC1_train
[05:40:03]       BranchDS(Cache): n=35971  5그룹  (948MB)
[05:40:03]       ★ Branch 캐시 히트: FHC1_test
[05:40:03]       BranchDS(Cache): n=9102  5그룹  (240MB)
[05:40:03]       ★ 균형 샘플링: {0: 4140, 1: 7552, 2: 7620, 3: 6376, 4: 6472, 5: 3811}
[05:40:04]   [F1][Hier] Stage1 3cls (80ep)
[05:44:06]   [F1][Hier] S1 ep020/80  val_acc=0.9604  best=0.9946  (242s)
[05:48:04]   [F1][Hier] S1 ep040/80  val_acc=0.9532  best=0.9946  (480s)
[05:51:26]   [F1][Hier] S1 EarlyStop ep57
[05:51:27]   [F1][Hier] S1 완료  best_acc=0.9946
[05:51:27]   [F1][Hier] Stage1 Acc=0.9946
[05:51:27]   [F1][Hier] Stage2 train=20799  test=5323
[05:51:27]   [F1][Hier] S2 Phase1 SupCon (150ep, T=0.05)
[05:56:31]   [F1][Hier] S2P1 ep030/150  loss=3.9194  best=3.9188  lr=7.6e-05  (304s)
[06:01:33]   [F1][Hier] S2P1 ep060/150  loss=3.8903  best=3.8894  lr=5.7e-05  (606s)
[06:06:36]   [F1][Hier] S2P1 ep090/150  loss=3.8882  best=3.8872  lr=3.1e-05  (909s)
[06:11:39]   [F1][Hier] S2P1 ep120/150  loss=3.8869  best=3.8863  lr=8.8e-06  (1212s)
[06:16:42]   [F1][Hier] S2P1 ep150/150  loss=3.8872  best=3.8861  lr=1.0e-07  (1515s)
[06:16:42]     Loss: CE(S2_WEIGHTS=[1.0, 3.0, 5.0, 2.5])
[06:16:42]   [F1][Hier] S2 Phase2 Finetune (150ep)
[06:21:20]   [F1][Hier] S2P2 ep030/150  val=0.9285/0.7019  lr=7.6e-05  (278s)
[06:25:58]   [F1][Hier] S2P2 ep060/150  val=0.9326/0.7175  lr=5.7e-05  (556s)
[06:30:07]   [F1][Hier] S2 EarlyStop ep87
[06:30:07]   [F1][Hier] Stage2 (flat 4cls) Acc=0.7175
[06:30:07]   [F1][Hier] ★ 최종 6cls  Acc=0.8323  F1=0.8113
[06:30:07] 
=======================================================
[06:30:07]   Fold 2/5  tr=36028  te=9045
[06:30:07]   Test 피험자: [1, 2, 10, 24, 26, 30, 31, 32]
[06:30:07] =======================================================
[06:30:12]     BSC fit: n=36028  (4.3s)
[06:30:25]       Branch 캐시 저장: 5그룹  (950MB)  (13.6s)
[06:30:25]       BranchDS(Cache): n=36028  5그룹  (950MB)
[06:30:28]       Branch 캐시 저장: 5그룹  (238MB)  (2.8s)
[06:30:28]       BranchDS(Cache): n=9045  5그룹  (238MB)
[06:30:28]       ★ 균형 샘플링: {0: 4193, 1: 7600, 2: 7571, 3: 6375, 4: 6468, 5: 3821}
[06:30:28]   [F2][Hier] Stage1 3cls (80ep)
[06:34:25]   [F2][Hier] S1 ep020/80  val_acc=0.9609  best=0.9799  (236s)
[06:38:21]   [F2][Hier] S1 ep040/80  val_acc=0.9610  best=0.9808  (472s)
[06:42:17]   [F2][Hier] S1 ep060/80  val_acc=0.9717  best=0.9808  (709s)
[06:45:14]   [F2][Hier] S1 EarlyStop ep75
[06:45:15]   [F2][Hier] S1 완료  best_acc=0.9808
[06:45:15]   [F2][Hier] Stage1 Acc=0.9808
[06:45:15]   [F2][Hier] Stage2 train=20857  test=5406
[06:45:15]   [F2][Hier] S2 Phase1 SupCon (150ep, T=0.05)
[06:50:17]   [F2][Hier] S2P1 ep030/150  loss=3.9146  best=3.9146  lr=7.6e-05  (303s)
[06:55:21]   [F2][Hier] S2P1 ep060/150  loss=3.8924  best=3.8894  lr=5.7e-05  (606s)
[07:00:24]   [F2][Hier] S2P1 ep090/150  loss=3.8884  best=3.8868  lr=3.1e-05  (909s)
[07:05:28]   [F2][Hier] S2P1 ep120/150  loss=3.8869  best=3.8855  lr=8.8e-06  (1214s)
[07:10:29]   [F2][Hier] S2P1 ep150/150  loss=3.8879  best=3.8851  lr=1.0e-07  (1514s)
[07:10:29]     Loss: CE(S2_WEIGHTS=[1.0, 3.0, 5.0, 2.5])
[07:10:29]   [F2][Hier] S2 Phase2 Finetune (150ep)
[07:15:06]   [F2][Hier] S2P2 ep030/150  val=1.7643/0.4316  lr=7.6e-05  (277s)
[07:18:20]   [F2][Hier] S2 EarlyStop ep51
[07:18:20]   [F2][Hier] Stage2 (flat 4cls) Acc=0.4382
[07:18:20]   [F2][Hier] ★ 최종 6cls  Acc=0.6481  F1=0.5929
[07:18:20] 
=======================================================
[07:18:20]   Fold 3/5  tr=35989  te=9084
[07:18:20]   Test 피험자: [4, 7, 12, 19, 20, 28, 36, 37]
[07:18:20] =======================================================
[07:18:24]     BSC fit: n=35989  (4.1s)
[07:18:38]       Branch 캐시 저장: 5그룹  (949MB)  (13.5s)
[07:18:38]       BranchDS(Cache): n=35989  5그룹  (949MB)
[07:18:41]       Branch 캐시 저장: 5그룹  (240MB)  (2.8s)
[07:18:41]       BranchDS(Cache): n=9084  5그룹  (240MB)
[07:18:41]       ★ 균형 샘플링: {0: 4186, 1: 7543, 2: 7628, 3: 6382, 4: 6433, 5: 3817}
[07:18:41]   [F3][Hier] Stage1 3cls (80ep)
[07:22:37]   [F3][Hier] S1 ep020/80  val_acc=0.9829  best=0.9841  (236s)
[07:26:34]   [F3][Hier] S1 ep040/80  val_acc=0.9863  best=0.9863  (473s)
