nohup: ignoring input
[20:56:11] ============================================================
[20:56:11]   step_segmentation.py v8.2 (증분 모드)
[20:56:11]   N=40  TS=256pt  200Hz
[20:56:11]   HS: Foot AP Accel(>1.8σ) + Foot ML Gyro(>0.5σ)  window=±125ms
[20:56:11] ============================================================

[20:56:11]   CSV 파일: 400개
[20:56:11]   피험자: [1, 2, 3, 4, 5, 6, 7, 8, 9, 10, 11, 12, 13, 14, 15, 16, 17, 18, 19, 20, 21, 22, 23, 24, 25, 26, 27, 28, 29, 30, 31, 32, 33, 34, 35, 36, 37, 38, 39, 40] (40명)
[20:56:11]     C1: 40파일
[20:56:11]     C2: 80파일
[20:56:11]     C3: 80파일
[20:56:11]     C4: 80파일
[20:56:11]     C5: 80파일
[20:56:11]     C6: 40파일
[20:56:11] 
  신규 피험자: [1, 2, 3, 4, 5, 6, 7, 8, 9, 10, 11, 12, 13, 14, 15, 16, 17, 18, 19, 20, 21, 22, 23, 24, 25, 26, 27, 28, 29, 30, 31, 32, 33, 34, 35, 36, 37, 38, 39, 40] (40명)
[20:56:11]   신규 CSV: 400개
[20:56:11]   [Pass 0] 전 파일 공통 채널 계산...
[20:56:13]     100/400 파일 스캔
[20:56:15]     200/400 파일 스캔
[20:56:16]     300/400 파일 스캔
[20:56:18]     400/400 파일 스캔
[20:56:18]   공통 채널: 305개
[20:56:18]   [Pass 0] Raw IMU 필터: 305ch → 54ch
[20:56:18]   [Pass 1] 지면별 통계 수집 (Niswander: Foot AP Accel 기반)...
[20:56:49]     Pass 1: 50/400 파일
[20:57:19]     Pass 1: 100/400 파일
[20:57:52]     Pass 1: 150/400 파일
[20:58:27]     Pass 1: 200/400 파일
[20:58:56]     Pass 1: 250/400 파일
[20:59:23]     Pass 1: 300/400 파일
[20:59:57]     Pass 1: 350/400 파일
[21:00:26]     Pass 1: 400/400 파일
[21:00:26]     C1: α=1.45  μ=-0  σ=332  peak=963  stride=120~1002sam (600~5010ms)  n=5329
[21:00:26]     C2: α=1.48  μ=-0  σ=342  peak=1011  stride=135~514sam (675~2570ms)  n=9248
[21:00:26]     C3: α=1.38  μ=-0  σ=412  peak=1139  stride=109~464sam (545~2320ms)  n=9432
[21:00:26]     C4: α=1.41  μ=-0  σ=385  peak=1086  stride=103~470sam (515~2350ms)  n=7922
[21:00:26]     C5: α=1.45  μ=-0  σ=382  peak=1106  stride=124~448sam (620~2240ms)  n=8085
[21:00:26]     C6: α=1.44  μ=-0  σ=367  peak=1058  stride=117~636sam (585~3180ms)  n=4839
[21:00:26]   지면 파라미터 → /home/ubuntu/project/repo/batches/terrain_params.json  (255.5s)

[21:00:26]   [Pass 2] 신규 400개 CSV → 스텝 검출...
[21:00:45]     20/400 파일  이 파일: 111스텝  신규 누적: 2464
[21:01:01]     40/400 파일  이 파일: 126스텝  신규 누적: 4783
[21:01:19]     60/400 파일  이 파일: 100스텝  신규 누적: 7262
[21:01:38]     80/400 파일  이 파일: 105스텝  신규 누적: 9616
[21:01:56]     100/400 파일  이 파일: 105스텝  신규 누적: 11972
[21:02:13]     120/400 파일  이 파일: 110스텝  신규 누적: 14147
[21:02:31]     140/400 파일  이 파일: 115스텝  신규 누적: 16368
[21:02:47]     160/400 파일  이 파일: 124스텝  신규 누적: 18571
[21:03:05]     180/400 파일  이 파일: 114스텝  신규 누적: 20920
[21:03:21]     200/400 파일  이 파일: 145스텝  신규 누적: 23120
[21:03:39]     220/400 파일  이 파일: 123스텝  신규 누적: 25499
[21:03:56]     240/400 파일  이 파일: 102스텝  신규 누적: 27650
[21:04:16]     260/400 파일  이 파일: 105스텝  신규 누적: 29922
[21:04:32]     280/400 파일  이 파일: 93스텝  신규 누적: 32021
[21:04:48]     300/400 파일  이 파일: 63스텝  신규 누적: 34031
[21:05:05]     320/400 파일  이 파일: 106스텝  신규 누적: 36392
[21:05:22]     340/400 파일  이 파일: 100스텝  신규 누적: 38427
[21:05:38]     360/400 파일  이 파일: 103스텝  신규 누적: 40485
[21:05:55]     380/400 파일  이 파일: 98스텝  신규 누적: 42834
[21:06:11]     400/400 파일  이 파일: 107스텝  신규 누적: 45073
[21:06:11] 
  [Pass 2] 완료: 45073스텝  (344.9s)
[21:06:12]     S0001: 신규 1384스텝
[21:06:12]     S0002: 신규 1080스텝
[21:06:12]     S0003: 신규 1099스텝
[21:06:12]     S0004: 신규 1220스텝
[21:06:12]     S0005: 신규 1304스텝
[21:06:12]     S0006: 신규 1175스텝
[21:06:12]     S0007: 신규 1167스텝
[21:06:12]     S0008: 신규 1187스텝
[21:06:12]     S0009: 신규 1237스텝
[21:06:12]     S0010: 신규 1119스텝
[21:06:12]     S0011: 신규 1140스텝
[21:06:12]     S0012: 신규 1035스텝
[21:06:12]     S0013: 신규 1136스텝
[21:06:12]     S0014: 신규 1085스텝
[21:06:13]     S0015: 신규 1121스텝
[21:06:13]     S0016: 신규 1082스텝
[21:06:13]     S0017: 신규 1117스텝
[21:06:13]     S0018: 신규 1232스텝
[21:06:13]     S0019: 신규 1157스텝
[21:06:13]     S0020: 신규 1043스텝
[21:06:13]     S0021: 신규 1110스텝
[21:06:13]     S0022: 신규 1269스텝
[21:06:13]     S0023: 신규 1043스텝
[21:06:13]     S0024: 신규 1108스텝
[21:06:13]     S0025: 신규 1117스텝
[21:06:13]     S0026: 신규 1155스텝
[21:06:13]     S0027: 신규 1061스텝
[21:06:13]     S0028: 신규 1038스텝
[21:06:14]     S0029: 신규 1172스텝
[21:06:14]     S0030: 신규 838스텝
[21:06:14]     S0031: 신규 1156스텝
[21:06:14]     S0032: 신규 1205스텝
[21:06:14]     S0033: 신규 1073스텝
[21:06:14]     S0034: 신규 962스텝
[21:06:14]     S0035: 신규 893스텝
[21:06:14]     S0036: 신규 1165스텝
[21:06:14]     S0037: 신규 1259스텝
[21:06:14]     S0038: 신규 1090스텝
[21:06:14]     S0039: 신규 1045스텝
[21:06:14]     S0040: 신규 1194스텝
[21:06:14]   HDF5 쓰기: 3.0s
[21:06:14] 
  ✅ HDF5: /home/ubuntu/project/repo/batches/dataset.h5
[21:06:14]      기존: 0 + 신규: 45073 = 총: 45073스텝
[21:06:14]      파일 크기: 2454.2 MB
[21:06:14]      라벨 분포: {1: 5230, 2: 9468, 3: 9504, 4: 7996, 5: 8102, 6: 4773}
[21:06:14]      피험자: [1, 2, 3, 4, 5, 6, 7, 8, 9, 10, 11, 12, 13, 14, 15, 16, 17, 18, 19, 20, 21, 22, 23, 24, 25, 26, 27, 28, 29, 30, 31, 32, 33, 34, 35, 36, 37, 38, 39, 40] (40명)
[21:06:14]      스텝 길이: min=104 max=999  mean=211 (1053ms)
[21:06:14]   스텝 로그 → /home/ubuntu/project/repo/batches/step_log.json
[21:06:14] 
  총 소요: 603.4s

Traceback (most recent call last):
  File "/home/ubuntu/project/repo/train_kfold.py", line 25, in <module>
    from models import (M2_BranchCNN, M3_BranchSE,
  File "/home/ubuntu/project/repo/models.py", line 496, in <module>
    class M6_BranchCBAMCrossAug(_BranchBase):
                                ^^^^^^^^^^^
NameError: name '_BranchBase' is not defined
