nohup: ignoring input
============================================================
  Config v8.3 — GPU 모드  Git:a3be6b1 [95% 목표]
============================================================
  Device : cuda (NVIDIA L4)
  GPU    : 22GB×1  AMP=BF16  cc=8.9
  vCPU=8  RAM=30GiB  HDF5=2.4GB
  N=40  Classes=6  TS=256  Rate=200Hz
  Batch=192  Epochs=300  ES=50  LR=8e-05→1e-07
  HS [Niswander2021]: Foot-Accely(mean+1.8σ) + Foot-Gyroy(>0.5σ) window=±125ms
  Focal=ON γ=3.0  FFT=ON(Foot)  TTA=ON×8
============================================================

[02:50:06]   ★ SupCon K-Fold 5-Fold
  Phase1=150ep (T=0.05)  Phase2=150ep

[02:50:06]   HDF5 로드... (dataset.h5)
[02:50:06]   ✅ N=45073  T=256  C=54  v8-subj  file=2.4GB  (0.0s)
  Channel Groups (54 total -> 54 assigned):
    Pelvis      :   6ch
    Hand        :  12ch
    Thigh       :  12ch
    Shank       :  12ch
    Foot        :  12ch
[02:50:06]   클래스: [1, 2, 3, 4, 5, 6]  피험자: 40명  샘플: 45073
[02:50:06] 
=======================================================
[02:50:06]   Fold 1/5  tr=35971(32명)  te=9102(8명)
[02:50:06]   Test 피험자: [5, 15, 16, 17, 18, 34, 38, 40]
[02:50:06] =======================================================
[02:50:10]     BSC fit: n=35971  (3.9s)
[02:50:24]       Branch 캐시 저장: 5그룹  (948MB)  (13.3s)
[02:50:24]       BranchDS(Cache): n=35971  5그룹  (948MB)
[02:50:26]       Branch 캐시 저장: 5그룹  (240MB)  (2.6s)
[02:50:26]       BranchDS(Cache): n=9102  5그룹  (240MB)
[02:50:26]       ★ 균형 샘플링: {0: 4140, 1: 7552, 2: 7620, 3: 6376, 4: 6472, 5: 3811}
[02:50:26]   backbone params=4,546,521  feat_dim=2560
[02:50:27]   [F1][SupCon] Phase1 SupCon Pretrain (150ep, T=0.05)
[02:51:52]   [F1][SupCon] P1 ep010/150  loss=3.6020  best=3.6020  lr=1.0e-04  (85s)  RAM=2695MB  GPU=91/22565MB
[02:53:17]   [F1][SupCon] P1 ep020/150  loss=3.4797  best=3.4797  lr=9.9e-05  (170s)  RAM=2695MB  GPU=91/22565MB
[02:54:41]   [F1][SupCon] P1 ep030/150  loss=3.4598  best=3.4587  lr=9.5e-05  (254s)  RAM=2695MB  GPU=91/22565MB
[02:56:05]   [F1][SupCon] P1 ep040/150  loss=3.4539  best=3.4539  lr=8.9e-05  (338s)  RAM=2695MB  GPU=91/22565MB
[02:57:29]   [F1][SupCon] P1 ep050/150  loss=3.4514  best=3.4513  lr=8.1e-05  (421s)  RAM=2695MB  GPU=91/22565MB
[02:58:53]   [F1][SupCon] P1 ep060/150  loss=3.4496  best=3.4491  lr=7.2e-05  (505s)  RAM=2695MB  GPU=91/22565MB
[03:00:17]   [F1][SupCon] P1 ep070/150  loss=3.4492  best=3.4488  lr=6.1e-05  (590s)  RAM=2696MB  GPU=91/22565MB
[03:01:41]   [F1][SupCon] P1 ep080/150  loss=3.4485  best=3.4481  lr=5.0e-05  (674s)  RAM=2696MB  GPU=91/22565MB
[03:03:05]   [F1][SupCon] P1 ep090/150  loss=3.4499  best=3.4480  lr=3.9e-05  (758s)  RAM=2696MB  GPU=91/22565MB
[03:04:29]   [F1][SupCon] P1 ep100/150  loss=3.4472  best=3.4467  lr=2.8e-05  (842s)  RAM=2696MB  GPU=91/22565MB
[03:05:54]   [F1][SupCon] P1 ep110/150  loss=3.4471  best=3.4467  lr=1.9e-05  (926s)  RAM=2696MB  GPU=91/22565MB
[03:07:18]   [F1][SupCon] P1 ep120/150  loss=3.4474  best=3.4467  lr=1.1e-05  (1011s)  RAM=2696MB  GPU=91/22565MB
[03:08:42]   [F1][SupCon] P1 ep130/150  loss=3.4474  best=3.4465  lr=5.1e-06  (1095s)  RAM=2696MB  GPU=91/22565MB
[03:10:06]   [F1][SupCon] P1 ep140/150  loss=3.4483  best=3.4465  lr=1.4e-06  (1179s)  RAM=2696MB  GPU=91/22565MB
[03:11:31]   [F1][SupCon] P1 ep150/150  loss=3.4468  best=3.4465  lr=1.2e-07  (1264s)  RAM=2696MB  GPU=91/22565MB
[03:11:31]     Loss: CE(smooth=0.05, weight=ON)
[03:11:31]   [F1][SupCon] Phase2 Finetune (150ep)
[03:12:23]   [F1][SupCon] P2 ep010/150  loss=0.2683/0.9983  val=0.8293/0.8205  lr=8.0e-05  (52s)
[03:13:16]   [F1][SupCon] P2 ep020/150  loss=0.2520/0.9995  val=0.8033/0.8233  lr=7.9e-05  (105s)
[03:14:08]   [F1][SupCon] P2 ep030/150  loss=0.2462/0.9998  val=0.7857/0.8297  lr=7.6e-05  (157s)
[03:15:00]   [F1][SupCon] P2 ep040/150  loss=0.2449/0.9999  val=0.7550/0.8353  lr=7.1e-05  (209s)
[03:15:52]   [F1][SupCon] P2 ep050/150  loss=0.2436/1.0000  val=0.7610/0.8355  lr=6.5e-05  (261s)
[03:16:45]   [F1][SupCon] P2 ep060/150  loss=0.2428/0.9999  val=0.7673/0.8355  lr=5.7e-05  (314s)
[03:17:37]   [F1][SupCon] P2 ep070/150  loss=0.2425/0.9999  val=0.7740/0.8344  lr=4.9e-05  (366s)
[03:18:29]   [F1][SupCon] P2 ep080/150  loss=0.2397/1.0000  val=0.7534/0.8403  lr=4.0e-05  (418s)
[03:19:21]   [F1][SupCon] P2 ep090/150  loss=0.2402/1.0000  val=0.7689/0.8363  lr=3.1e-05  (470s)
[03:20:14]   [F1][SupCon] P2 ep100/150  loss=0.2396/1.0000  val=0.7658/0.8366  lr=2.3e-05  (523s)
[03:20:34]   [F1][SupCon] ★ EarlyStop ep104
[03:20:34]   [F1][SupCon] Acc=0.8365  F1=0.8139
[03:20:34] 
=======================================================
[03:20:34]   Fold 2/5  tr=36028(32명)  te=9045(8명)
[03:20:34]   Test 피험자: [1, 2, 10, 24, 26, 30, 31, 32]
[03:20:34] =======================================================
[03:20:39]     BSC fit: n=36028  (4.2s)
[03:20:53]       Branch 캐시 저장: 5그룹  (950MB)  (14.0s)
[03:20:53]       BranchDS(Cache): n=36028  5그룹  (950MB)
[03:20:55]       Branch 캐시 저장: 5그룹  (238MB)  (2.8s)
[03:20:55]       BranchDS(Cache): n=9045  5그룹  (238MB)
[03:20:55]       ★ 균형 샘플링: {0: 4193, 1: 7600, 2: 7571, 3: 6375, 4: 6468, 5: 3821}
[03:20:56]   backbone params=4,546,521  feat_dim=2560
[03:20:56]   [F2][SupCon] Phase1 SupCon Pretrain (150ep, T=0.05)
[03:22:20]   [F2][SupCon] P1 ep010/150  loss=3.5911  best=3.5911  lr=1.0e-04  (84s)  RAM=2761MB  GPU=91/22565MB
[03:23:43]   [F2][SupCon] P1 ep020/150  loss=3.4762  best=3.4762  lr=9.9e-05  (168s)  RAM=2761MB  GPU=91/22565MB
[03:25:07]   [F2][SupCon] P1 ep030/150  loss=3.4577  best=3.4577  lr=9.5e-05  (251s)  RAM=2761MB  GPU=91/22565MB
[03:26:31]   [F2][SupCon] P1 ep040/150  loss=3.4562  best=3.4535  lr=8.9e-05  (335s)  RAM=2761MB  GPU=91/22565MB
[03:27:55]   [F2][SupCon] P1 ep050/150  loss=3.4528  best=3.4503  lr=8.1e-05  (419s)  RAM=2761MB  GPU=91/22565MB
[03:29:19]   [F2][SupCon] P1 ep060/150  loss=3.4517  best=3.4500  lr=7.2e-05  (503s)  RAM=2761MB  GPU=91/22565MB
[03:30:43]   [F2][SupCon] P1 ep070/150  loss=3.4508  best=3.4487  lr=6.1e-05  (587s)  RAM=2761MB  GPU=91/22565MB
[03:32:07]   [F2][SupCon] P1 ep080/150  loss=3.4500  best=3.4484  lr=5.0e-05  (671s)  RAM=2761MB  GPU=91/22565MB
[03:33:30]   [F2][SupCon] P1 ep090/150  loss=3.4468  best=3.4468  lr=3.9e-05  (755s)  RAM=2761MB  GPU=91/22565MB
[03:34:55]   [F2][SupCon] P1 ep100/150  loss=3.4480  best=3.4468  lr=2.8e-05  (839s)  RAM=2761MB  GPU=91/22565MB
[03:36:19]   [F2][SupCon] P1 ep110/150  loss=3.4486  best=3.4468  lr=1.9e-05  (923s)  RAM=2761MB  GPU=91/22565MB
[03:37:42]   [F2][SupCon] P1 ep120/150  loss=3.4471  best=3.4468  lr=1.1e-05  (1007s)  RAM=2761MB  GPU=91/22565MB
[03:39:07]   [F2][SupCon] P1 ep130/150  loss=3.4471  best=3.4463  lr=5.1e-06  (1091s)  RAM=2761MB  GPU=91/22565MB
[03:40:30]   [F2][SupCon] P1 ep140/150  loss=3.4468  best=3.4463  lr=1.4e-06  (1174s)  RAM=2761MB  GPU=91/22565MB
[03:41:54]   [F2][SupCon] P1 ep150/150  loss=3.4482  best=3.4463  lr=1.2e-07  (1258s)  RAM=2761MB  GPU=91/22565MB
[03:41:54]     Loss: CE(smooth=0.05, weight=ON)
[03:41:54]   [F2][SupCon] Phase2 Finetune (150ep)
[03:42:46]   [F2][SupCon] P2 ep010/150  loss=0.2658/0.9985  val=1.1713/0.6736  lr=8.0e-05  (52s)
[03:43:38]   [F2][SupCon] P2 ep020/150  loss=0.2503/0.9995  val=1.0818/0.6997  lr=7.9e-05  (104s)
[03:44:30]   [F2][SupCon] P2 ep030/150  loss=0.2455/0.9999  val=1.0704/0.6980  lr=7.6e-05  (157s)
[03:45:23]   [F2][SupCon] P2 ep040/150  loss=0.2428/0.9999  val=1.0581/0.7008  lr=7.1e-05  (209s)
[03:46:15]   [F2][SupCon] P2 ep050/150  loss=0.2416/0.9999  val=1.0702/0.6932  lr=6.5e-05  (261s)
[03:47:07]   [F2][SupCon] P2 ep060/150  loss=0.2405/0.9999  val=1.0568/0.7027  lr=5.7e-05  (313s)
[03:47:59]   [F2][SupCon] P2 ep070/150  loss=0.2405/1.0000  val=1.0644/0.7014  lr=4.9e-05  (365s)
[03:48:51]   [F2][SupCon] P2 ep080/150  loss=0.2390/0.9999  val=1.0275/0.7137  lr=4.0e-05  (417s)
[03:49:43]   [F2][SupCon] P2 ep090/150  loss=0.2388/1.0000  val=1.0014/0.7276  lr=3.1e-05  (470s)
[03:50:35]   [F2][SupCon] P2 ep100/150  loss=0.2397/1.0000  val=1.0216/0.7181  lr=2.3e-05  (522s)
[03:51:28]   [F2][SupCon] P2 ep110/150  loss=0.2391/1.0000  val=1.0189/0.7161  lr=1.5e-05  (574s)
[03:52:20]   [F2][SupCon] P2 ep120/150  loss=0.2387/0.9999  val=1.0266/0.7152  lr=8.8e-06  (626s)
[03:53:12]   [F2][SupCon] P2 ep130/150  loss=0.2384/1.0000  val=1.0094/0.7225  lr=4.1e-06  (678s)
[03:54:04]   [F2][SupCon] P2 ep140/150  loss=0.2385/1.0000  val=1.0108/0.7210  lr=1.1e-06  (730s)
[03:54:04]   [F2][SupCon] ★ EarlyStop ep140
[03:54:04]   [F2][SupCon] Acc=0.7210  F1=0.6940
[03:54:04] 
=======================================================
[03:54:04]   Fold 3/5  tr=35989(32명)  te=9084(8명)
[03:54:04]   Test 피험자: [4, 7, 12, 19, 20, 28, 36, 37]
[03:54:04] =======================================================
[03:54:08]     BSC fit: n=35989  (4.1s)
[03:54:22]       Branch 캐시 저장: 5그룹  (949MB)  (13.2s)
[03:54:22]       BranchDS(Cache): n=35989  5그룹  (949MB)
[03:54:24]       Branch 캐시 저장: 5그룹  (240MB)  (2.8s)
[03:54:24]       BranchDS(Cache): n=9084  5그룹  (240MB)
[03:54:24]       ★ 균형 샘플링: {0: 4186, 1: 7543, 2: 7628, 3: 6382, 4: 6433, 5: 3817}
[03:54:25]   backbone params=4,546,521  feat_dim=2560
[03:54:25]   [F3][SupCon] Phase1 SupCon Pretrain (150ep, T=0.05)
[03:55:48]   [F3][SupCon] P1 ep010/150  loss=3.5997  best=3.5997  lr=1.0e-04  (84s)  RAM=2761MB  GPU=91/22565MB
[03:57:12]   [F3][SupCon] P1 ep020/150  loss=3.4799  best=3.4799  lr=9.9e-05  (168s)  RAM=2761MB  GPU=91/22565MB
[03:58:36]   [F3][SupCon] P1 ep030/150  loss=3.4605  best=3.4597  lr=9.5e-05  (251s)  RAM=2761MB  GPU=91/22565MB
[04:00:00]   [F3][SupCon] P1 ep040/150  loss=3.4574  best=3.4543  lr=8.9e-05  (335s)  RAM=2761MB  GPU=91/22565MB
[04:01:24]   [F3][SupCon] P1 ep050/150  loss=3.4539  best=3.4514  lr=8.1e-05  (419s)  RAM=2761MB  GPU=91/22565MB
[04:02:48]   [F3][SupCon] P1 ep060/150  loss=3.4518  best=3.4495  lr=7.2e-05  (503s)  RAM=2761MB  GPU=91/22565MB
[04:04:11]   [F3][SupCon] P1 ep070/150  loss=3.4491  best=3.4478  lr=6.1e-05  (587s)  RAM=2761MB  GPU=91/22565MB
[04:05:35]   [F3][SupCon] P1 ep080/150  loss=3.4490  best=3.4478  lr=5.0e-05  (671s)  RAM=2761MB  GPU=91/22565MB
[04:06:59]   [F3][SupCon] P1 ep090/150  loss=3.4491  best=3.4478  lr=3.9e-05  (755s)  RAM=2761MB  GPU=91/22565MB
[04:08:23]   [F3][SupCon] P1 ep100/150  loss=3.4477  best=3.4475  lr=2.8e-05  (839s)  RAM=2761MB  GPU=91/22565MB
[04:09:47]   [F3][SupCon] P1 ep110/150  loss=3.4485  best=3.4473  lr=1.9e-05  (922s)  RAM=2761MB  GPU=91/22565MB
[04:11:11]   [F3][SupCon] P1 ep120/150  loss=3.4483  best=3.4469  lr=1.1e-05  (1006s)  RAM=2761MB  GPU=91/22565MB
[04:12:34]   [F3][SupCon] P1 ep130/150  loss=3.4475  best=3.4460  lr=5.1e-06  (1090s)  RAM=2761MB  GPU=91/22565MB
[04:13:58]   [F3][SupCon] P1 ep140/150  loss=3.4477  best=3.4460  lr=1.4e-06  (1174s)  RAM=2761MB  GPU=91/22565MB
[04:15:22]   [F3][SupCon] P1 ep150/150  loss=3.4473  best=3.4460  lr=1.2e-07  (1257s)  RAM=2761MB  GPU=91/22565MB
[04:15:22]     Loss: CE(smooth=0.05, weight=ON)
[04:15:22]   [F3][SupCon] Phase2 Finetune (150ep)
[04:16:14]   [F3][SupCon] P2 ep010/150  loss=0.2681/0.9979  val=0.9628/0.7780  lr=8.0e-05  (52s)
[04:17:06]   [F3][SupCon] P2 ep020/150  loss=0.2509/0.9999  val=0.9766/0.7826  lr=7.9e-05  (104s)
[04:17:59]   [F3][SupCon] P2 ep030/150  loss=0.2459/1.0000  val=0.9682/0.7913  lr=7.6e-05  (157s)
[04:18:51]   [F3][SupCon] P2 ep040/150  loss=0.2431/1.0000  val=0.9740/0.7894  lr=7.1e-05  (209s)
[04:19:43]   [F3][SupCon] P2 ep050/150  loss=0.2427/0.9999  val=0.9778/0.7903  lr=6.5e-05  (261s)
[04:19:58]   [F3][SupCon] ★ EarlyStop ep53
[04:19:58]   [F3][SupCon] Acc=0.7969  F1=0.7771
[04:19:58] 
=======================================================
[04:19:58]   Fold 4/5  tr=36243(32명)  te=8830(8명)
[04:19:58]   Test 피험자: [6, 9, 11, 14, 21, 25, 33, 35]
[04:19:58] =======================================================
[04:20:02]     BSC fit: n=36243  (4.1s)
[04:20:16]       Branch 캐시 저장: 5그룹  (956MB)  (13.3s)
[04:20:16]       BranchDS(Cache): n=36243  5그룹  (956MB)
[04:20:18]       Branch 캐시 저장: 5그룹  (233MB)  (2.5s)
[04:20:18]       BranchDS(Cache): n=8830  5그룹  (233MB)
[04:20:18]       ★ 균형 샘플링: {0: 4209, 1: 7618, 2: 7575, 3: 6445, 4: 6572, 5: 3824}
[04:20:18]   backbone params=4,546,521  feat_dim=2560
[04:20:18]   [F4][SupCon] Phase1 SupCon Pretrain (150ep, T=0.05)
[04:21:43]   [F4][SupCon] P1 ep010/150  loss=3.5839  best=3.5839  lr=1.0e-04  (85s)  RAM=2768MB  GPU=75/22565MB
[04:23:08]   [F4][SupCon] P1 ep020/150  loss=3.4739  best=3.4739  lr=9.9e-05  (169s)  RAM=2768MB  GPU=75/22565MB
[04:24:32]   [F4][SupCon] P1 ep030/150  loss=3.4551  best=3.4551  lr=9.5e-05  (254s)  RAM=2768MB  GPU=75/22565MB
[04:25:57]   [F4][SupCon] P1 ep040/150  loss=3.4519  best=3.4519  lr=8.9e-05  (339s)  RAM=2768MB  GPU=75/22565MB
[04:27:22]   [F4][SupCon] P1 ep050/150  loss=3.4499  best=3.4499  lr=8.1e-05  (423s)  RAM=2768MB  GPU=75/22565MB
[04:28:46]   [F4][SupCon] P1 ep060/150  loss=3.4490  best=3.4490  lr=7.2e-05  (508s)  RAM=2768MB  GPU=75/22565MB
[04:30:11]   [F4][SupCon] P1 ep070/150  loss=3.4488  best=3.4483  lr=6.1e-05  (593s)  RAM=2768MB  GPU=75/22565MB
[04:31:36]   [F4][SupCon] P1 ep080/150  loss=3.4491  best=3.4476  lr=5.0e-05  (677s)  RAM=2768MB  GPU=75/22565MB
[04:33:00]   [F4][SupCon] P1 ep090/150  loss=3.4484  best=3.4468  lr=3.9e-05  (761s)  RAM=2768MB  GPU=75/22565MB
[04:34:24]   [F4][SupCon] P1 ep100/150  loss=3.4471  best=3.4468  lr=2.8e-05  (846s)  RAM=2768MB  GPU=75/22565MB
[04:35:49]   [F4][SupCon] P1 ep110/150  loss=3.4468  best=3.4467  lr=1.9e-05  (930s)  RAM=2768MB  GPU=75/22565MB
[04:37:13]   [F4][SupCon] P1 ep120/150  loss=3.4486  best=3.4467  lr=1.1e-05  (1015s)  RAM=2768MB  GPU=75/22565MB
[04:38:37]   [F4][SupCon] P1 ep130/150  loss=3.4476  best=3.4467  lr=5.1e-06  (1099s)  RAM=2768MB  GPU=75/22565MB
[04:40:02]   [F4][SupCon] P1 ep140/150  loss=3.4476  best=3.4467  lr=1.4e-06  (1184s)  RAM=2768MB  GPU=75/22565MB
[04:41:26]   [F4][SupCon] P1 ep150/150  loss=3.4480  best=3.4464  lr=1.2e-07  (1268s)  RAM=2768MB  GPU=75/22565MB
[04:41:26]     Loss: CE(smooth=0.05, weight=ON)
[04:41:26]   [F4][SupCon] Phase2 Finetune (150ep)
[04:42:18]   [F4][SupCon] P2 ep010/150  loss=0.2669/0.9981  val=0.8752/0.8285  lr=8.0e-05  (52s)
[04:43:10]   [F4][SupCon] P2 ep020/150  loss=0.2520/0.9996  val=0.8659/0.8306  lr=7.9e-05  (104s)
[04:44:02]   [F4][SupCon] P2 ep030/150  loss=0.2465/0.9999  val=0.8601/0.8356  lr=7.6e-05  (156s)
[04:44:54]   [F4][SupCon] P2 ep040/150  loss=0.2442/1.0000  val=0.8538/0.8360  lr=7.1e-05  (208s)
[04:45:46]   [F4][SupCon] P2 ep050/150  loss=0.2424/0.9999  val=0.8556/0.8378  lr=6.5e-05  (260s)
[04:46:01]   [F4][SupCon] ★ EarlyStop ep53
[04:46:01]   [F4][SupCon] Acc=0.8395  F1=0.8344
[04:46:01] 
=======================================================
[04:46:01]   Fold 5/5  tr=36061(32명)  te=9012(8명)
[04:46:01]   Test 피험자: [3, 8, 13, 22, 23, 27, 29, 39]
[04:46:01] =======================================================
[04:46:06]     BSC fit: n=36061  (4.2s)
[04:46:19]       Branch 캐시 저장: 5그룹  (951MB)  (13.0s)
[04:46:19]       BranchDS(Cache): n=36061  5그룹  (951MB)
[04:46:21]       Branch 캐시 저장: 5그룹  (238MB)  (2.6s)
[04:46:21]       BranchDS(Cache): n=9012  5그룹  (238MB)
[04:46:21]       ★ 균형 샘플링: {0: 4192, 1: 7559, 2: 7622, 3: 6406, 4: 6463, 5: 3819}
[04:46:21]   backbone params=4,546,521  feat_dim=2560
[04:46:21]   [F5][SupCon] Phase1 SupCon Pretrain (150ep, T=0.05)
[04:47:46]   [F5][SupCon] P1 ep010/150  loss=3.5974  best=3.5974  lr=1.0e-04  (84s)  RAM=2763MB  GPU=91/22565MB
[04:49:09]   [F5][SupCon] P1 ep020/150  loss=3.4775  best=3.4775  lr=9.9e-05  (168s)  RAM=2763MB  GPU=91/22565MB
[04:50:33]   [F5][SupCon] P1 ep030/150  loss=3.4592  best=3.4587  lr=9.5e-05  (252s)  RAM=2763MB  GPU=91/22565MB
[04:51:57]   [F5][SupCon] P1 ep040/150  loss=3.4559  best=3.4551  lr=8.9e-05  (336s)  RAM=2763MB  GPU=91/22565MB
[04:53:21]   [F5][SupCon] P1 ep050/150  loss=3.4524  best=3.4512  lr=8.1e-05  (420s)  RAM=2763MB  GPU=91/22565MB
[04:54:46]   [F5][SupCon] P1 ep060/150  loss=3.4521  best=3.4506  lr=7.2e-05  (504s)  RAM=2763MB  GPU=91/22565MB
[04:56:10]   [F5][SupCon] P1 ep070/150  loss=3.4486  best=3.4484  lr=6.1e-05  (589s)  RAM=2763MB  GPU=91/22565MB
[04:57:34]   [F5][SupCon] P1 ep080/150  loss=3.4497  best=3.4477  lr=5.0e-05  (673s)  RAM=2763MB  GPU=91/22565MB
[04:58:58]   [F5][SupCon] P1 ep090/150  loss=3.4487  best=3.4476  lr=3.9e-05  (757s)  RAM=2763MB  GPU=91/22565MB
[05:00:22]   [F5][SupCon] P1 ep100/150  loss=3.4488  best=3.4473  lr=2.8e-05  (840s)  RAM=2763MB  GPU=91/22565MB
[05:01:45]   [F5][SupCon] P1 ep110/150  loss=3.4474  best=3.4469  lr=1.9e-05  (924s)  RAM=2763MB  GPU=91/22565MB
[05:03:09]   [F5][SupCon] P1 ep120/150  loss=3.4482  best=3.4469  lr=1.1e-05  (1008s)  RAM=2763MB  GPU=91/22565MB
[05:04:33]   [F5][SupCon] P1 ep130/150  loss=3.4471  best=3.4466  lr=5.1e-06  (1092s)  RAM=2763MB  GPU=91/22565MB
[05:05:57]   [F5][SupCon] P1 ep140/150  loss=3.4487  best=3.4466  lr=1.4e-06  (1176s)  RAM=2763MB  GPU=91/22565MB
[05:07:22]   [F5][SupCon] P1 ep150/150  loss=3.4477  best=3.4466  lr=1.2e-07  (1260s)  RAM=2763MB  GPU=91/22565MB
[05:07:22]     Loss: CE(smooth=0.05, weight=ON)
[05:07:22]   [F5][SupCon] Phase2 Finetune (150ep)
[05:08:14]   [F5][SupCon] P2 ep010/150  loss=0.2692/0.9975  val=0.8580/0.8377  lr=8.0e-05  (52s)
[05:09:06]   [F5][SupCon] P2 ep020/150  loss=0.2508/0.9995  val=0.8281/0.8466  lr=7.9e-05  (104s)
[05:09:58]   [F5][SupCon] P2 ep030/150  loss=0.2483/0.9999  val=0.8383/0.8413  lr=7.6e-05  (157s)
[05:10:51]   [F5][SupCon] P2 ep040/150  loss=0.2453/0.9999  val=0.8577/0.8407  lr=7.1e-05  (209s)
[05:11:43]   [F5][SupCon] P2 ep050/150  loss=0.2437/1.0000  val=0.8008/0.8475  lr=6.5e-05  (262s)
[05:12:04]   [F5][SupCon] ★ EarlyStop ep54
[05:12:04]   [F5][SupCon] Acc=0.8392  F1=0.8216

============================================================
  ★ SupCon 5-Fold  NVIDIA L4
  총 소요: 142.0분
  Acc=0.8065  MacroF1=0.7861
============================================================
  ── 클래스별 Recall ──
    C1-평지        94.1%
    C2-오르막       98.3%
    C3-내리막       95.6%
    C4-흙길        69.0%
    C5-잔디        53.3%
    C6-정상        67.2%
[05:12:04]   ✅ /home/ubuntu/project/repo/out_N40/kfold/supcon/summary_supcon.json
