nohup: ignoring input
============================================================
  Config v8.3 — GPU 모드  Git:a3be6b1 [95% 목표]
============================================================
  Device : cuda (NVIDIA L4)
  GPU    : 22GB×1  AMP=BF16  cc=8.9
  vCPU=8  RAM=30GiB  HDF5=2.4GB
  N=40  Classes=6  TS=256  Rate=200Hz
  Batch=192  Epochs=300  ES=50  LR=8e-05→1e-07
  HS [Niswander2021]: Foot-Accely(mean+1.8σ) + Foot-Gyroy(>0.5σ) window=±125ms
  Focal=ON γ=3.0  FFT=ON(Foot)  TTA=ON×8
============================================================

[00:13:06]   ★ SupCon K-Fold 5-Fold
  Phase1=100ep (T=0.07)  Phase2=150ep

[00:13:06]   HDF5 로드... (dataset.h5)
[00:13:06]   ✅ N=45073  T=256  C=54  v8-subj  file=2.4GB  (0.0s)
  Channel Groups (54 total -> 54 assigned):
    Pelvis      :   6ch
    Hand        :  12ch
    Thigh       :  12ch
    Shank       :  12ch
    Foot        :  12ch
[00:13:06]   클래스: [1, 2, 3, 4, 5, 6]  피험자: 40명  샘플: 45073
[00:13:06] 
=======================================================
[00:13:06]   Fold 1/5  tr=35971(32명)  te=9102(8명)
[00:13:06]   Test 피험자: [5, 15, 16, 17, 18, 34, 38, 40]
[00:13:06] =======================================================
[00:13:10]     BSC fit: n=35971  (4.0s)
[00:13:23]       Branch 캐시 저장: 5그룹  (948MB)  (13.0s)
[00:13:23]       BranchDS(Cache): n=35971  5그룹  (948MB)
[00:13:25]       Branch 캐시 저장: 5그룹  (240MB)  (2.6s)
[00:13:26]       BranchDS(Cache): n=9102  5그룹  (240MB)
[00:13:26]       ★ 균형 샘플링: {0: 4140, 1: 7552, 2: 7620, 3: 6376, 4: 6472, 5: 3811}
[00:13:26]   backbone params=4,546,521  feat_dim=2560
[00:13:27]   [F1][SupCon] Phase1 SupCon Pretrain (100ep, T=0.07)
[00:14:55]   [F1][SupCon] P1 ep010/100  loss=3.5968  best=3.5968  lr=1.0e-04  (88s)  RAM=2693MB  GPU=91/22565MB
[00:16:22]   [F1][SupCon] P1 ep020/100  loss=3.4820  best=3.4808  lr=9.7e-05  (175s)  RAM=2693MB  GPU=91/22565MB
[00:17:48]   [F1][SupCon] P1 ep030/100  loss=3.4590  best=3.4590  lr=8.8e-05  (261s)  RAM=2693MB  GPU=91/22565MB
[00:19:14]   [F1][SupCon] P1 ep040/100  loss=3.4518  best=3.4518  lr=7.5e-05  (347s)  RAM=2693MB  GPU=91/22565MB
[00:20:40]   [F1][SupCon] P1 ep050/100  loss=3.4511  best=3.4489  lr=5.9e-05  (433s)  RAM=2693MB  GPU=91/22565MB
[00:22:07]   [F1][SupCon] P1 ep060/100  loss=3.4479  best=3.4479  lr=4.1e-05  (520s)  RAM=2693MB  GPU=91/22565MB
[00:23:33]   [F1][SupCon] P1 ep070/100  loss=3.4481  best=3.4475  lr=2.5e-05  (606s)  RAM=2694MB  GPU=91/22565MB
[00:24:58]   [F1][SupCon] P1 ep080/100  loss=3.4477  best=3.4469  lr=1.2e-05  (691s)  RAM=2694MB  GPU=91/22565MB
[00:26:24]   [F1][SupCon] P1 ep090/100  loss=3.4478  best=3.4466  lr=3.1e-06  (777s)  RAM=2694MB  GPU=91/22565MB
[00:27:50]   [F1][SupCon] P1 ep100/100  loss=3.4479  best=3.4465  lr=1.2e-07  (863s)  RAM=2694MB  GPU=91/22565MB
[00:27:50]     Loss: CE(smooth=0.05, weight=ON)
[00:27:50]   [F1][SupCon] Phase2 Finetune (150ep)
[00:28:43]   [F1][SupCon] P2 ep010/150  loss=0.2784/0.9981  val=0.8664/0.7920  lr=8.0e-05  (52s)
[00:29:35]   [F1][SupCon] P2 ep020/150  loss=0.2591/0.9995  val=0.8152/0.8076  lr=7.9e-05  (105s)
[00:30:28]   [F1][SupCon] P2 ep030/150  loss=0.2551/0.9997  val=0.7976/0.8117  lr=7.6e-05  (157s)
[00:31:20]   [F1][SupCon] P2 ep040/150  loss=0.2530/0.9998  val=0.7764/0.8201  lr=7.1e-05  (210s)
[00:32:13]   [F1][SupCon] P2 ep050/150  loss=0.2510/0.9999  val=0.7752/0.8221  lr=6.5e-05  (263s)
[00:33:06]   [F1][SupCon] P2 ep060/150  loss=0.2500/0.9999  val=0.7774/0.8216  lr=5.7e-05  (315s)
[00:33:59]   [F1][SupCon] P2 ep070/150  loss=0.2485/0.9999  val=0.7764/0.8178  lr=4.9e-05  (368s)
[00:34:51]   [F1][SupCon] P2 ep080/150  loss=0.2481/0.9999  val=0.7676/0.8241  lr=4.0e-05  (421s)
[00:35:44]   [F1][SupCon] P2 ep090/150  loss=0.2472/1.0000  val=0.7632/0.8256  lr=3.1e-05  (473s)
[00:36:36]   [F1][SupCon] P2 ep100/150  loss=0.2480/0.9999  val=0.7614/0.8249  lr=2.3e-05  (526s)
[00:37:29]   [F1][SupCon] P2 ep110/150  loss=0.2481/0.9999  val=0.7590/0.8274  lr=1.5e-05  (579s)
[00:38:22]   [F1][SupCon] P2 ep120/150  loss=0.2478/0.9999  val=0.7614/0.8276  lr=8.8e-06  (632s)
[00:39:15]   [F1][SupCon] P2 ep130/150  loss=0.2478/1.0000  val=0.7605/0.8274  lr=4.1e-06  (685s)
[00:40:07]   [F1][SupCon] P2 ep140/150  loss=0.2469/1.0000  val=0.7611/0.8272  lr=1.1e-06  (737s)
[00:40:18]   [F1][SupCon] ★ EarlyStop ep142
[00:40:18]   [F1][SupCon] Acc=0.8309  F1=0.8065
[00:40:18] 
=======================================================
[00:40:18]   Fold 2/5  tr=36028(32명)  te=9045(8명)
[00:40:18]   Test 피험자: [1, 2, 10, 24, 26, 30, 31, 32]
[00:40:18] =======================================================
[00:40:23]     BSC fit: n=36028  (5.0s)
[00:40:37]       Branch 캐시 저장: 5그룹  (950MB)  (14.0s)
[00:40:37]       BranchDS(Cache): n=36028  5그룹  (950MB)
[00:40:40]       Branch 캐시 저장: 5그룹  (238MB)  (3.0s)
[00:40:40]       BranchDS(Cache): n=9045  5그룹  (238MB)
[00:40:40]       ★ 균형 샘플링: {0: 4193, 1: 7600, 2: 7571, 3: 6375, 4: 6468, 5: 3821}
[00:40:40]   backbone params=4,546,521  feat_dim=2560
[00:40:40]   [F2][SupCon] Phase1 SupCon Pretrain (100ep, T=0.07)
[00:42:06]   [F2][SupCon] P1 ep010/100  loss=3.5885  best=3.5885  lr=1.0e-04  (86s)  RAM=2756MB  GPU=91/22565MB
[00:43:31]   [F2][SupCon] P1 ep020/100  loss=3.4835  best=3.4824  lr=9.7e-05  (171s)  RAM=2756MB  GPU=91/22565MB
[00:44:57]   [F2][SupCon] P1 ep030/100  loss=3.4575  best=3.4575  lr=8.8e-05  (256s)  RAM=2756MB  GPU=91/22565MB
[00:46:23]   [F2][SupCon] P1 ep040/100  loss=3.4548  best=3.4529  lr=7.5e-05  (343s)  RAM=2756MB  GPU=91/22565MB
[00:47:49]   [F2][SupCon] P1 ep050/100  loss=3.4500  best=3.4500  lr=5.9e-05  (429s)  RAM=2756MB  GPU=91/22565MB
[00:49:15]   [F2][SupCon] P1 ep060/100  loss=3.4510  best=3.4480  lr=4.1e-05  (515s)  RAM=2756MB  GPU=91/22565MB
[00:50:42]   [F2][SupCon] P1 ep070/100  loss=3.4488  best=3.4480  lr=2.5e-05  (602s)  RAM=2756MB  GPU=91/22565MB
[00:52:08]   [F2][SupCon] P1 ep080/100  loss=3.4476  best=3.4471  lr=1.2e-05  (688s)  RAM=2756MB  GPU=91/22565MB
[00:53:34]   [F2][SupCon] P1 ep090/100  loss=3.4474  best=3.4464  lr=3.1e-06  (774s)  RAM=2756MB  GPU=91/22565MB
[00:55:01]   [F2][SupCon] P1 ep100/100  loss=3.4470  best=3.4464  lr=1.2e-07  (861s)  RAM=2756MB  GPU=91/22565MB
[00:55:01]     Loss: CE(smooth=0.05, weight=ON)
[00:55:01]   [F2][SupCon] Phase2 Finetune (150ep)
[00:55:54]   [F2][SupCon] P2 ep010/150  loss=0.2773/0.9977  val=1.3898/0.6395  lr=8.0e-05  (53s)
[00:56:47]   [F2][SupCon] P2 ep020/150  loss=0.2607/0.9994  val=1.3799/0.6387  lr=7.9e-05  (106s)
[00:57:40]   [F2][SupCon] P2 ep030/150  loss=0.2567/0.9995  val=1.3454/0.6417  lr=7.6e-05  (159s)
[00:58:33]   [F2][SupCon] P2 ep040/150  loss=0.2539/0.9998  val=1.3359/0.6417  lr=7.1e-05  (212s)
[00:59:27]   [F2][SupCon] P2 ep050/150  loss=0.2505/0.9998  val=1.3146/0.6483  lr=6.5e-05  (266s)
[01:00:20]   [F2][SupCon] P2 ep060/150  loss=0.2511/0.9998  val=1.2970/0.6418  lr=5.7e-05  (319s)
[01:01:13]   [F2][SupCon] P2 ep070/150  loss=0.2496/0.9998  val=1.2747/0.6553  lr=4.9e-05  (373s)
[01:02:07]   [F2][SupCon] P2 ep080/150  loss=0.2499/0.9998  val=1.2702/0.6500  lr=4.0e-05  (427s)
[01:03:00]   [F2][SupCon] P2 ep090/150  loss=0.2488/0.9997  val=1.2620/0.6538  lr=3.1e-05  (480s)
[01:03:53]   [F2][SupCon] P2 ep100/150  loss=0.2492/0.9999  val=1.2812/0.6469  lr=2.3e-05  (532s)
[01:04:45]   [F2][SupCon] P2 ep110/150  loss=0.2485/0.9999  val=1.2619/0.6532  lr=1.5e-05  (585s)
[01:05:38]   [F2][SupCon] P2 ep120/150  loss=0.2484/0.9999  val=1.2794/0.6448  lr=8.8e-06  (637s)
[01:06:32]   [F2][SupCon] P2 ep130/150  loss=0.2469/0.9999  val=1.2485/0.6574  lr=4.1e-06  (691s)
[01:06:48]   [F2][SupCon] ★ EarlyStop ep133
[01:06:48]   [F2][SupCon] Acc=0.6534  F1=0.6130
[01:06:48] 
=======================================================
[01:06:48]   Fold 3/5  tr=35989(32명)  te=9084(8명)
[01:06:48]   Test 피험자: [4, 7, 12, 19, 20, 28, 36, 37]
[01:06:48] =======================================================
[01:06:52]     BSC fit: n=35989  (4.3s)
[01:07:06]       Branch 캐시 저장: 5그룹  (949MB)  (14.1s)
[01:07:06]       BranchDS(Cache): n=35989  5그룹  (949MB)
[01:07:09]       Branch 캐시 저장: 5그룹  (240MB)  (3.0s)
[01:07:09]       BranchDS(Cache): n=9084  5그룹  (240MB)
[01:07:09]       ★ 균형 샘플링: {0: 4186, 1: 7543, 2: 7628, 3: 6382, 4: 6433, 5: 3817}
[01:07:09]   backbone params=4,546,521  feat_dim=2560
[01:07:09]   [F3][SupCon] Phase1 SupCon Pretrain (100ep, T=0.07)
[01:08:35]   [F3][SupCon] P1 ep010/100  loss=3.5986  best=3.5986  lr=1.0e-04  (86s)  RAM=2756MB  GPU=91/22565MB
[01:10:02]   [F3][SupCon] P1 ep020/100  loss=3.4806  best=3.4806  lr=9.7e-05  (172s)  RAM=2756MB  GPU=91/22565MB
[01:11:28]   [F3][SupCon] P1 ep030/100  loss=3.4605  best=3.4593  lr=8.8e-05  (259s)  RAM=2756MB  GPU=91/22565MB
[01:12:54]   [F3][SupCon] P1 ep040/100  loss=3.4522  best=3.4522  lr=7.5e-05  (345s)  RAM=2756MB  GPU=91/22565MB
[01:14:20]   [F3][SupCon] P1 ep050/100  loss=3.4506  best=3.4498  lr=5.9e-05  (431s)  RAM=2756MB  GPU=91/22565MB
[01:15:46]   [F3][SupCon] P1 ep060/100  loss=3.4500  best=3.4482  lr=4.1e-05  (517s)  RAM=2756MB  GPU=91/22565MB
[01:17:13]   [F3][SupCon] P1 ep070/100  loss=3.4480  best=3.4476  lr=2.5e-05  (604s)  RAM=2756MB  GPU=91/22565MB
[01:18:39]   [F3][SupCon] P1 ep080/100  loss=3.4482  best=3.4470  lr=1.2e-05  (690s)  RAM=2756MB  GPU=91/22565MB
[01:20:05]   [F3][SupCon] P1 ep090/100  loss=3.4470  best=3.4464  lr=3.1e-06  (776s)  RAM=2756MB  GPU=91/22565MB
[01:21:32]   [F3][SupCon] P1 ep100/100  loss=3.4485  best=3.4464  lr=1.2e-07  (862s)  RAM=2756MB  GPU=91/22565MB
[01:21:32]     Loss: CE(smooth=0.05, weight=ON)
[01:21:32]   [F3][SupCon] Phase2 Finetune (150ep)
[01:22:25]   [F3][SupCon] P2 ep010/150  loss=0.2817/0.9979  val=1.1326/0.7248  lr=8.0e-05  (53s)
[01:23:18]   [F3][SupCon] P2 ep020/150  loss=0.2623/0.9994  val=1.1360/0.7264  lr=7.9e-05  (106s)
[01:24:11]   [F3][SupCon] P2 ep030/150  loss=0.2570/0.9996  val=1.1664/0.7267  lr=7.6e-05  (159s)
[01:25:04]   [F3][SupCon] P2 ep040/150  loss=0.2542/0.9997  val=1.1456/0.7362  lr=7.1e-05  (212s)
[01:25:58]   [F3][SupCon] P2 ep050/150  loss=0.2527/0.9998  val=1.1269/0.7411  lr=6.5e-05  (267s)
[01:26:09]   [F3][SupCon] ★ EarlyStop ep52
[01:26:09]   [F3][SupCon] Acc=0.7383  F1=0.7047
[01:26:09] 
=======================================================
[01:26:09]   Fold 4/5  tr=36243(32명)  te=8830(8명)
[01:26:09]   Test 피험자: [6, 9, 11, 14, 21, 25, 33, 35]
[01:26:09] =======================================================
[01:26:13]     BSC fit: n=36243  (4.2s)
[01:26:27]       Branch 캐시 저장: 5그룹  (956MB)  (13.7s)
[01:26:27]       BranchDS(Cache): n=36243  5그룹  (956MB)
[01:26:30]       Branch 캐시 저장: 5그룹  (233MB)  (2.6s)
[01:26:30]       BranchDS(Cache): n=8830  5그룹  (233MB)
[01:26:30]       ★ 균형 샘플링: {0: 4209, 1: 7618, 2: 7575, 3: 6445, 4: 6572, 5: 3824}
[01:26:30]   backbone params=4,546,521  feat_dim=2560
[01:26:30]   [F4][SupCon] Phase1 SupCon Pretrain (100ep, T=0.07)
[01:27:56]   [F4][SupCon] P1 ep010/100  loss=3.5772  best=3.5772  lr=1.0e-04  (86s)  RAM=2762MB  GPU=75/22565MB
[01:29:23]   [F4][SupCon] P1 ep020/100  loss=3.4724  best=3.4724  lr=9.7e-05  (173s)  RAM=2762MB  GPU=75/22565MB
[01:30:49]   [F4][SupCon] P1 ep030/100  loss=3.4571  best=3.4571  lr=8.8e-05  (259s)  RAM=2762MB  GPU=75/22565MB
[01:32:16]   [F4][SupCon] P1 ep040/100  loss=3.4536  best=3.4518  lr=7.5e-05  (346s)  RAM=2762MB  GPU=75/22565MB
[01:33:42]   [F4][SupCon] P1 ep050/100  loss=3.4497  best=3.4497  lr=5.9e-05  (432s)  RAM=2762MB  GPU=75/22565MB
[01:35:08]   [F4][SupCon] P1 ep060/100  loss=3.4494  best=3.4485  lr=4.1e-05  (518s)  RAM=2762MB  GPU=75/22565MB
[01:36:35]   [F4][SupCon] P1 ep070/100  loss=3.4472  best=3.4472  lr=2.5e-05  (605s)  RAM=2762MB  GPU=75/22565MB
[01:38:01]   [F4][SupCon] P1 ep080/100  loss=3.4477  best=3.4472  lr=1.2e-05  (691s)  RAM=2762MB  GPU=75/22565MB
[01:39:27]   [F4][SupCon] P1 ep090/100  loss=3.4475  best=3.4467  lr=3.1e-06  (778s)  RAM=2762MB  GPU=75/22565MB
[01:40:54]   [F4][SupCon] P1 ep100/100  loss=3.4481  best=3.4464  lr=1.2e-07  (864s)  RAM=2762MB  GPU=75/22565MB
[01:40:54]     Loss: CE(smooth=0.05, weight=ON)
[01:40:54]   [F4][SupCon] Phase2 Finetune (150ep)
[01:41:47]   [F4][SupCon] P2 ep010/150  loss=0.2790/0.9975  val=0.8853/0.8048  lr=8.0e-05  (53s)
[01:42:40]   [F4][SupCon] P2 ep020/150  loss=0.2615/0.9995  val=0.8673/0.8188  lr=7.9e-05  (106s)
[01:43:32]   [F4][SupCon] P2 ep030/150  loss=0.2563/0.9997  val=0.8517/0.8242  lr=7.6e-05  (158s)
[01:44:24]   [F4][SupCon] P2 ep040/150  loss=0.2546/0.9998  val=0.8339/0.8307  lr=7.1e-05  (210s)
[01:45:16]   [F4][SupCon] P2 ep050/150  loss=0.2525/0.9998  val=0.8309/0.8345  lr=6.5e-05  (262s)
[01:46:08]   [F4][SupCon] P2 ep060/150  loss=0.2509/0.9999  val=0.8299/0.8348  lr=5.7e-05  (314s)
[01:47:00]   [F4][SupCon] P2 ep070/150  loss=0.2500/0.9998  val=0.8307/0.8349  lr=4.9e-05  (366s)
[01:47:52]   [F4][SupCon] P2 ep080/150  loss=0.2501/0.9999  val=0.8367/0.8320  lr=4.0e-05  (418s)
[01:48:44]   [F4][SupCon] P2 ep090/150  loss=0.2488/0.9999  val=0.8399/0.8293  lr=3.1e-05  (470s)
[01:49:36]   [F4][SupCon] P2 ep100/150  loss=0.2488/0.9999  val=0.8332/0.8309  lr=2.3e-05  (522s)
[01:50:29]   [F4][SupCon] P2 ep110/150  loss=0.2470/0.9999  val=0.8301/0.8358  lr=1.5e-05  (575s)
[01:50:39]   [F4][SupCon] ★ EarlyStop ep112
[01:50:39]   [F4][SupCon] Acc=0.8342  F1=0.8165
[01:50:39] 
=======================================================
[01:50:39]   Fold 5/5  tr=36061(32명)  te=9012(8명)
[01:50:39]   Test 피험자: [3, 8, 13, 22, 23, 27, 29, 39]
[01:50:39] =======================================================
[01:50:44]     BSC fit: n=36061  (4.1s)
[01:50:57]       Branch 캐시 저장: 5그룹  (951MB)  (13.5s)
[01:50:57]       BranchDS(Cache): n=36061  5그룹  (951MB)
[01:50:59]       Branch 캐시 저장: 5그룹  (238MB)  (2.0s)
[01:50:59]       BranchDS(Cache): n=9012  5그룹  (238MB)
[01:50:59]       ★ 균형 샘플링: {0: 4192, 1: 7559, 2: 7622, 3: 6406, 4: 6463, 5: 3819}
[01:50:59]   backbone params=4,546,521  feat_dim=2560
[01:50:59]   [F5][SupCon] Phase1 SupCon Pretrain (100ep, T=0.07)
[01:52:25]   [F5][SupCon] P1 ep010/100  loss=3.5914  best=3.5914  lr=1.0e-04  (86s)  RAM=2758MB  GPU=91/22565MB
[01:53:51]   [F5][SupCon] P1 ep020/100  loss=3.4770  best=3.4770  lr=9.7e-05  (172s)  RAM=2758MB  GPU=91/22565MB
[01:55:17]   [F5][SupCon] P1 ep030/100  loss=3.4605  best=3.4605  lr=8.8e-05  (258s)  RAM=2758MB  GPU=91/22565MB
[01:56:42]   [F5][SupCon] P1 ep040/100  loss=3.4543  best=3.4543  lr=7.5e-05  (343s)  RAM=2758MB  GPU=91/22565MB
[01:58:08]   [F5][SupCon] P1 ep050/100  loss=3.4530  best=3.4503  lr=5.9e-05  (429s)  RAM=2758MB  GPU=91/22565MB
[01:59:34]   [F5][SupCon] P1 ep060/100  loss=3.4486  best=3.4478  lr=4.1e-05  (515s)  RAM=2758MB  GPU=91/22565MB
[02:01:00]   [F5][SupCon] P1 ep070/100  loss=3.4483  best=3.4469  lr=2.5e-05  (601s)  RAM=2758MB  GPU=91/22565MB
[02:02:26]   [F5][SupCon] P1 ep080/100  loss=3.4474  best=3.4466  lr=1.2e-05  (687s)  RAM=2758MB  GPU=91/22565MB
[02:03:52]   [F5][SupCon] P1 ep090/100  loss=3.4476  best=3.4466  lr=3.1e-06  (773s)  RAM=2758MB  GPU=91/22565MB
[02:05:17]   [F5][SupCon] P1 ep100/100  loss=3.4485  best=3.4466  lr=1.2e-07  (858s)  RAM=2758MB  GPU=91/22565MB
[02:05:17]     Loss: CE(smooth=0.05, weight=ON)
[02:05:17]   [F5][SupCon] Phase2 Finetune (150ep)
[02:06:10]   [F5][SupCon] P2 ep010/150  loss=0.2828/0.9975  val=0.7843/0.8300  lr=8.0e-05  (53s)
[02:07:03]   [F5][SupCon] P2 ep020/150  loss=0.2638/0.9992  val=0.7274/0.8463  lr=7.9e-05  (106s)
[02:07:57]   [F5][SupCon] P2 ep030/150  loss=0.2584/0.9995  val=0.7532/0.8336  lr=7.6e-05  (159s)
[02:08:50]   [F5][SupCon] P2 ep040/150  loss=0.2547/0.9999  val=0.7547/0.8314  lr=7.1e-05  (213s)
[02:09:43]   [F5][SupCon] P2 ep050/150  loss=0.2521/0.9999  val=0.7790/0.8312  lr=6.5e-05  (265s)
[02:10:36]   [F5][SupCon] P2 ep060/150  loss=0.2506/0.9999  val=0.7608/0.8339  lr=5.7e-05  (319s)
[02:11:03]   [F5][SupCon] ★ EarlyStop ep65
[02:11:03]   [F5][SupCon] Acc=0.8250  F1=0.8066

============================================================
  ★ SupCon 5-Fold  NVIDIA L4
  총 소요: 118.0분
  Acc=0.7761  MacroF1=0.7467
============================================================
  ── 클래스별 Recall ──
    C1-평지        95.9%
    C2-오르막       98.3%
    C3-내리막       95.0%
    C4-흙길        62.1%
    C5-잔디        43.7%
    C6-정상        65.4%
[02:11:03]   ✅ /home/ubuntu/project/repo/out_N40/kfold/supcon/summary_supcon.json
